<?xml version="1.0" encoding="UTF-8"?>
<!-- Generated by org.testng.reporters.JUnitXMLReporter -->
<testsuite hostname="DESKTOP-8EQSD1V" ignored="0" name="ErgodeBook Test Cases" tests="11" failures="0" timestamp="16 Apr 2021 09:32:17 GMT" time="320.264" errors="0">
  <testcase name="loginPagetitleTitleTest" time="0.037" classname="com.qa.ErgodeBook.TestCase.LoginPageTest"/>
  <testcase name="verifyHomePageTitle" time="0.019" classname="com.qa.ErgodeBook.TestCase.HomePageTest"/>
  <testcase name="ErgodeBookLoingTest" time="25.229" classname="com.qa.ErgodeBook.TestCase.ErgodeBookLoginPageTest"/>
  <testcase name="clickAddTocartTest" time="19.84" classname="com.qa.ErgodeBook.TestCase.ActionAdventurePageTest"/>
  <testcase name="verifyActionPageLable" time="11.586" classname="com.qa.ErgodeBook.TestCase.ActionAdventurePageTest"/>
  <testcase name="ErgodeBookLogoTest" time="0.049" classname="com.qa.ErgodeBook.TestCase.LoginPageTest"/>
  <testcase name="verifyUserNameTest" time="2.12" classname="com.qa.ErgodeBook.TestCase.HomePageTest"/>
  <testcase name="ErgodeBookLogoTest" time="3.096" classname="com.qa.ErgodeBook.TestCase.ErgodeBookLoginPageTest"/>
  <testcase name="loginTest" time="13.002" classname="com.qa.ErgodeBook.TestCase.LoginPageTest"/>
  <testcase name="ClickActionAdventure" time="8.912" classname="com.qa.ErgodeBook.TestCase.HomePageTest"/>
  <testcase name="loginPageTitleTest" time="2.015" classname="com.qa.ErgodeBook.TestCase.ErgodeBookLoginPageTest"/>
</testsuite> <!-- ErgodeBook Test Cases -->
