<?xml version="1.0" encoding="UTF-8"?>
<!-- Generated by org.testng.reporters.JUnitXMLReporter -->
<testsuite hostname="DESKTOP-8EQSD1V" ignored="0" name="Default test" tests="6" failures="0" timestamp="19 Apr 2021 07:18:46 GMT" time="125.444" errors="0">
  <testcase name="LoginPageTitleTest" time="0.04" classname="com.qa.ErgodeBook.TestCase.LoginPageTest"/>
  <testcase name="LoginPageLogoImgTest" time="0.429" classname="com.qa.ErgodeBook.TestCase.LoginPageTest"/>
  <testcase name="loginwithEmptyIdAndPassTest" time="4.472" classname="com.qa.ErgodeBook.TestCase.LoginPageTest"/>
  <testcase name="loginwithValidIdTest" time="5.0" classname="com.qa.ErgodeBook.TestCase.LoginPageTest"/>
  <testcase name="loginwithValidPassTest" time="20.44" classname="com.qa.ErgodeBook.TestCase.LoginPageTest"/>
  <testcase name="loginwithValidIdAndPassTest" time="10.421" classname="com.qa.ErgodeBook.TestCase.LoginPageTest"/>
</testsuite> <!-- Default test -->
