<?xml version="1.0" encoding="UTF-8"?>
<!-- Generated by org.testng.reporters.JUnitXMLReporter -->
<testsuite hostname="DESKTOP-8EQSD1V" ignored="3" name="Default test" tests="2" failures="0" timestamp="25 May 2021 17:41:30 GMT" time="157.332" errors="0">
  <testcase name="enterForgotPasswordEmailAdressTest" time="44.323" classname="com.qa.ErgodeBook.TestCase.ForgotPageTest"/>
  <testcase name="enterForgotPasswordEmailAdressTest" time="58.085" classname="com.qa.ErgodeBook.TestCase.ForgotPageTest"/>
  <testcase name="enterForgotPasswordEmailAdressEmptyTest" time="0.0" classname="com.qa.ErgodeBook.TestCase.ForgotPageTest">
    <ignored/>
  </testcase> <!-- enterForgotPasswordEmailAdressEmptyTest -->
  <testcase name="validateForgotPageTitleTest" time="0.0" classname="com.qa.ErgodeBook.TestCase.ForgotPageTest">
    <ignored/>
  </testcase> <!-- validateForgotPageTitleTest -->
  <testcase name="validateForgotPageLable" time="0.0" classname="com.qa.ErgodeBook.TestCase.ForgotPageTest">
    <ignored/>
  </testcase> <!-- validateForgotPageLable -->
</testsuite> <!-- Default test -->
