<?xml version="1.0" encoding="UTF-8"?>
<!-- Generated by org.testng.reporters.JUnitXMLReporter -->
<testsuite hostname="DESKTOP-8EQSD1V" ignored="3" name="EgodeBook-SanityTest" tests="1" failures="0" timestamp="11 May 2021 06:41:23 GMT" time="71.014" errors="0">
  <testcase name="verifyHomePageTitle" time="0.024" classname="com.qa.ErgodeBook.TestCase.HomePageTest"/>
  <testcase name="verifyAddressOfCompany" time="0.0" classname="com.qa.ErgodeBook.TestCase.HomePageTest">
    <ignored/>
  </testcase> <!-- verifyAddressOfCompany -->
  <testcase name="verifyingHomePageLogoTest" time="0.0" classname="com.qa.ErgodeBook.TestCase.HomePageTest">
    <ignored/>
  </testcase> <!-- verifyingHomePageLogoTest -->
  <testcase name="validateHomePageBanerPageTest" time="0.0" classname="com.qa.ErgodeBook.TestCase.HomePageTest">
    <ignored/>
  </testcase> <!-- validateHomePageBanerPageTest -->
</testsuite> <!-- EgodeBook-SanityTest -->
