<?xml version="1.0" encoding="UTF-8"?>
<!-- Generated by org.testng.reporters.JUnitXMLReporter -->
<testsuite hostname="DESKTOP-8EQSD1V" ignored="5" name="Test" tests="1" failures="0" timestamp="19 Apr 2021 06:23:49 GMT" time="24.613" errors="0">
  <testcase name="loginwithValidIdAndPassTest" time="10.649" classname="com.qa.ErgodeBook.TestCase.LoginPageTest"/>
  <testcase name="loginwithValidPassTest" time="0.0" classname="com.qa.ErgodeBook.TestCase.LoginPageTest">
    <ignored/>
  </testcase> <!-- loginwithValidPassTest -->
  <testcase name="loginwithEmptyIdAndPassTest" time="0.0" classname="com.qa.ErgodeBook.TestCase.LoginPageTest">
    <ignored/>
  </testcase> <!-- loginwithEmptyIdAndPassTest -->
  <testcase name="LoginPageLogoImgTest" time="0.0" classname="com.qa.ErgodeBook.TestCase.LoginPageTest">
    <ignored/>
  </testcase> <!-- LoginPageLogoImgTest -->
  <testcase name="LoginPageTitleTest" time="0.0" classname="com.qa.ErgodeBook.TestCase.LoginPageTest">
    <ignored/>
  </testcase> <!-- LoginPageTitleTest -->
  <testcase name="loginwithValidIdTest" time="0.0" classname="com.qa.ErgodeBook.TestCase.LoginPageTest">
    <ignored/>
  </testcase> <!-- loginwithValidIdTest -->
</testsuite> <!-- Test -->
