<?xml version="1.0" encoding="UTF-8"?>
<testng-results skipped="0" failed="0" ignored="3" total="5" passed="2">
  <reporter-output>
  </reporter-output>
  <suite name="Default suite" duration-ms="157332" started-at="2021-05-25T17:38:52Z" finished-at="2021-05-25T17:41:30Z">
    <groups>
    </groups>
    <test name="Default test" duration-ms="157332" started-at="2021-05-25T17:38:52Z" finished-at="2021-05-25T17:41:30Z">
      <class name="com.qa.ErgodeBook.TestCase.ForgotPageTest">
        <test-method status="PASS" signature="ExtentReportsetUp()[pri:0, instance:com.qa.ErgodeBook.TestCase.ForgotPageTest@69930714]" name="ExtentReportsetUp" is-config="true" duration-ms="275" started-at="2021-05-25T17:38:52Z" finished-at="2021-05-25T17:38:52Z">
          <reporter-output>
          </reporter-output>
        </test-method> <!-- ExtentReportsetUp -->
        <test-method status="PASS" signature="setup()[pri:0, instance:com.qa.ErgodeBook.TestCase.ForgotPageTest@69930714]" name="setup" is-config="true" duration-ms="24079" started-at="2021-05-25T17:38:53Z" finished-at="2021-05-25T17:39:17Z">
          <reporter-output>
          </reporter-output>
        </test-method> <!-- setup -->
        <test-method status="PASS" signature="enterForgotPasswordEmailAdressTest(java.lang.String)[pri:4, instance:com.qa.ErgodeBook.TestCase.ForgotPageTest@69930714]" name="enterForgotPasswordEmailAdressTest" duration-ms="44323" started-at="2021-05-25T17:39:17Z" data-provider="getTestdata" finished-at="2021-05-25T17:40:01Z">
          <params>
            <param index="0">
              <value>
                <![CDATA[irfanullah@bosontech.ai]]>
              </value>
            </param>
          </params>
          <reporter-output>
          </reporter-output>
        </test-method> <!-- enterForgotPasswordEmailAdressTest -->
        <test-method status="PASS" signature="tearDown(org.testng.ITestResult)[pri:0, instance:com.qa.ErgodeBook.TestCase.ForgotPageTest@69930714]" name="tearDown" is-config="true" duration-ms="929" started-at="2021-05-25T17:40:01Z" finished-at="2021-05-25T17:40:02Z">
          <params>
            <param index="0">
              <value>
                <![CDATA[[TestResult name=enterForgotPasswordEmailAdressTest status=SUCCESS method=ForgotPageTest.enterForgotPasswordEmailAdressTest(java.lang.String)[pri:4, instance:com.qa.ErgodeBook.TestCase.ForgotPageTest@69930714] output={null}]]]>
              </value>
            </param>
          </params>
          <reporter-output>
          </reporter-output>
        </test-method> <!-- tearDown -->
        <test-method status="PASS" signature="setup()[pri:0, instance:com.qa.ErgodeBook.TestCase.ForgotPageTest@69930714]" name="setup" is-config="true" duration-ms="28448" started-at="2021-05-25T17:40:02Z" finished-at="2021-05-25T17:40:31Z">
          <reporter-output>
          </reporter-output>
        </test-method> <!-- setup -->
        <test-method status="PASS" signature="enterForgotPasswordEmailAdressTest(java.lang.String)[pri:4, instance:com.qa.ErgodeBook.TestCase.ForgotPageTest@69930714]" name="enterForgotPasswordEmailAdressTest" duration-ms="58085" started-at="2021-05-25T17:40:31Z" data-provider="getTestdata" finished-at="2021-05-25T17:41:29Z">
          <params>
            <param index="0">
              <value>
                <![CDATA[mdirfan201@gmail.com123]]>
              </value>
            </param>
          </params>
          <reporter-output>
          </reporter-output>
        </test-method> <!-- enterForgotPasswordEmailAdressTest -->
        <test-method status="PASS" signature="tearDown(org.testng.ITestResult)[pri:0, instance:com.qa.ErgodeBook.TestCase.ForgotPageTest@69930714]" name="tearDown" is-config="true" duration-ms="976" started-at="2021-05-25T17:41:29Z" finished-at="2021-05-25T17:41:30Z">
          <params>
            <param index="0">
              <value>
                <![CDATA[[TestResult name=enterForgotPasswordEmailAdressTest status=SUCCESS method=ForgotPageTest.enterForgotPasswordEmailAdressTest(java.lang.String)[pri:4, instance:com.qa.ErgodeBook.TestCase.ForgotPageTest@69930714] output={null}]]]>
              </value>
            </param>
          </params>
          <reporter-output>
          </reporter-output>
        </test-method> <!-- tearDown -->
        <test-method status="PASS" signature="tearExtentReport()[pri:0, instance:com.qa.ErgodeBook.TestCase.ForgotPageTest@69930714]" name="tearExtentReport" is-config="true" duration-ms="596" started-at="2021-05-25T17:41:30Z" finished-at="2021-05-25T17:41:30Z">
          <reporter-output>
          </reporter-output>
        </test-method> <!-- tearExtentReport -->
      </class> <!-- com.qa.ErgodeBook.TestCase.ForgotPageTest -->
    </test> <!-- Default test -->
  </suite> <!-- Default suite -->
</testng-results>
